2018-09-30 09:55:04.513  INFO 7580 --- [main] com.koko.web.Application                 : Starting Application on X-MG-CHENLT with PID 7580 (E:\workspace_idea\koko\module\web\target\classes started by chenlt in E:\workspace_idea\koko\module)
2018-09-30 09:55:04.516  INFO 7580 --- [main] com.koko.web.Application                 : The following profiles are active: mysql-dev
2018-09-30 09:55:04.582  INFO 7580 --- [main] ConfigServletWebServerApplicationContext : Refreshing org.springframework.boot.web.servlet.context.AnnotationConfigServletWebServerApplicationContext@5cdd09b1: startup date [Sun Sep 30 09:55:04 CST 2018]; root of context hierarchy
2018-09-30 09:55:05.494  INFO 7580 --- [main] o.s.b.f.s.DefaultListableBeanFactory     : Overriding bean definition for bean 'logAspect' with a different definition: replacing [Generic bean: class [LogAspect]; scope=singleton; abstract=false; lazyInit=false; autowireMode=0; dependencyCheck=0; autowireCandidate=true; primary=false; factoryBeanName=null; factoryMethodName=null; initMethodName=null; destroyMethodName=null; defined in file [E:\workspace_idea\koko\module\sys\target\classes\com\koko\web\sys\core\core\annotation\LogAspect.class]] with [Root bean: class [null]; scope=; abstract=false; lazyInit=false; autowireMode=3; dependencyCheck=0; autowireCandidate=true; primary=false; factoryBeanName=logConfig; factoryMethodName=getLogAspect; initMethodName=null; destroyMethodName=(inferred); defined in class path resource [com/koko/web/config/LogConfig.class]]
2018-09-30 09:55:05.495  INFO 7580 --- [main] o.s.b.f.s.DefaultListableBeanFactory     : Overriding bean definition for bean 'loginRealm' with a different definition: replacing [Generic bean: class [LoginRealm]; scope=singleton; abstract=false; lazyInit=false; autowireMode=0; dependencyCheck=0; autowireCandidate=true; primary=false; factoryBeanName=null; factoryMethodName=null; initMethodName=null; destroyMethodName=null; defined in file [E:\workspace_idea\koko\module\sys\target\classes\com\koko\web\sys\core\core\shiro\LoginRealm.class]] with [Root bean: class [null]; scope=; abstract=false; lazyInit=false; autowireMode=3; dependencyCheck=0; autowireCandidate=true; primary=false; factoryBeanName=shiroConfig; factoryMethodName=getLoginRealm; initMethodName=null; destroyMethodName=(inferred); defined in class path resource [com/koko/web/config/ShiroConfig.class]]
2018-09-30 09:55:05.501  INFO 7580 --- [main] o.s.b.f.s.DefaultListableBeanFactory     : Overriding bean definition for bean 'transactionInterceptor' with a different definition: replacing [Root bean: class [null]; scope=; abstract=false; lazyInit=false; autowireMode=3; dependencyCheck=0; autowireCandidate=true; primary=false; factoryBeanName=org.springframework.transaction.annotation.ProxyTransactionManagementConfiguration; factoryMethodName=transactionInterceptor; initMethodName=null; destroyMethodName=(inferred); defined in class path resource [org/springframework/transaction/annotation/ProxyTransactionManagementConfiguration.class]] with [Root bean: class [null]; scope=; abstract=false; lazyInit=false; autowireMode=3; dependencyCheck=0; autowireCandidate=true; primary=false; factoryBeanName=transactionalConfig; factoryMethodName=transactionInterceptor; initMethodName=null; destroyMethodName=(inferred); defined in class path resource [com/koko/web/config/TransactionalConfig.class]]
2018-09-30 09:55:05.533  WARN 7580 --- [main] t.m.s.annotation.MapperScannerRegistrar  : 只有 Spring Boot 环境中可以通过 Environment(配置文件,环境变量,运行参数等方式) 配置通用 Mapper，其他环境请通过 @MapperScan 注解中的 mapperHelperRef 或 properties 参数进行配置!如果你使用 tk.mybatis.mapper.session.Configuration 配置的通用 Mapper，你可以忽略该错误!

java.lang.RuntimeException: java.lang.reflect.InvocationTargetException
	at tk.mybatis.spring.mapper.SpringBootBindUtil$SpringBoot2Bind.bind(SpringBootBindUtil.java:133) ~[mapper-spring-1.0.4-beta1.jar:na]
	at tk.mybatis.spring.mapper.SpringBootBindUtil.bind(SpringBootBindUtil.java:58) ~[mapper-spring-1.0.4-beta1.jar:na]
	at tk.mybatis.spring.mapper.ClassPathMapperScanner.setMapperProperties(ClassPathMapperScanner.java:274) ~[mapper-spring-1.0.4-beta1.jar:na]
	at tk.mybatis.spring.annotation.MapperScannerRegistrar.registerBeanDefinitions(MapperScannerRegistrar.java:103) ~[mapper-spring-1.0.4-beta1.jar:na]
	at org.springframework.context.annotation.ConfigurationClassBeanDefinitionReader.lambda$loadBeanDefinitionsFromRegistrars$1(ConfigurationClassBeanDefinitionReader.java:357) [spring-context-5.0.5.RELEASE.jar:5.0.5.RELEASE]
	at java.util.LinkedHashMap.forEach(LinkedHashMap.java:676) ~[na:1.8.0_91]
	at org.springframework.context.annotation.ConfigurationClassBeanDefinitionReader.loadBeanDefinitionsFromRegistrars(ConfigurationClassBeanDefinitionReader.java:356) [spring-context-5.0.5.RELEASE.jar:5.0.5.RELEASE]
	at org.springframework.context.annotation.ConfigurationClassBeanDefinitionReader.loadBeanDefinitionsForConfigurationClass(ConfigurationClassBeanDefinitionReader.java:144) [spring-context-5.0.5.RELEASE.jar:5.0.5.RELEASE]
	at org.springframework.context.annotation.ConfigurationClassBeanDefinitionReader.loadBeanDefinitions(ConfigurationClassBeanDefinitionReader.java:117) [spring-context-5.0.5.RELEASE.jar:5.0.5.RELEASE]
	at org.springframework.context.annotation.ConfigurationClassPostProcessor.processConfigBeanDefinitions(ConfigurationClassPostProcessor.java:328) ~[spring-context-5.0.5.RELEASE.jar:5.0.5.RELEASE]
	at org.springframework.context.annotation.ConfigurationClassPostProcessor.postProcessBeanDefinitionRegistry(ConfigurationClassPostProcessor.java:233) ~[spring-context-5.0.5.RELEASE.jar:5.0.5.RELEASE]
	at org.springframework.context.support.PostProcessorRegistrationDelegate.invokeBeanDefinitionRegistryPostProcessors(PostProcessorRegistrationDelegate.java:273) ~[spring-context-5.0.5.RELEASE.jar:5.0.5.RELEASE]
	at org.springframework.context.support.PostProcessorRegistrationDelegate.invokeBeanFactoryPostProcessors(PostProcessorRegistrationDelegate.java:93) ~[spring-context-5.0.5.RELEASE.jar:5.0.5.RELEASE]
	at org.springframework.context.support.AbstractApplicationContext.invokeBeanFactoryPostProcessors(AbstractApplicationContext.java:694) ~[spring-context-5.0.5.RELEASE.jar:5.0.5.RELEASE]
	at org.springframework.context.support.AbstractApplicationContext.refresh(AbstractApplicationContext.java:532) ~[spring-context-5.0.5.RELEASE.jar:5.0.5.RELEASE]
	at org.springframework.boot.web.servlet.context.ServletWebServerApplicationContext.refresh(ServletWebServerApplicationContext.java:140) ~[spring-boot-2.0.1.RELEASE.jar:2.0.1.RELEASE]
	at org.springframework.boot.SpringApplication.refresh(SpringApplication.java:759) ~[spring-boot-2.0.1.RELEASE.jar:2.0.1.RELEASE]
	at org.springframework.boot.SpringApplication.refreshContext(SpringApplication.java:395) ~[spring-boot-2.0.1.RELEASE.jar:2.0.1.RELEASE]
	at org.springframework.boot.SpringApplication.run(SpringApplication.java:327) ~[spring-boot-2.0.1.RELEASE.jar:2.0.1.RELEASE]
	at org.springframework.boot.SpringApplication.run(SpringApplication.java:1255) ~[spring-boot-2.0.1.RELEASE.jar:2.0.1.RELEASE]
	at org.springframework.boot.SpringApplication.run(SpringApplication.java:1243) ~[spring-boot-2.0.1.RELEASE.jar:2.0.1.RELEASE]
	at com.koko.web.Application.main(Application.java:29) ~[classes/:na]
Caused by: java.lang.reflect.InvocationTargetException: null
	at sun.reflect.NativeMethodAccessorImpl.invoke0(Native Method) ~[na:1.8.0_91]
	at sun.reflect.NativeMethodAccessorImpl.invoke(NativeMethodAccessorImpl.java:62) ~[na:1.8.0_91]
	at sun.reflect.DelegatingMethodAccessorImpl.invoke(DelegatingMethodAccessorImpl.java:43) ~[na:1.8.0_91]
	at java.lang.reflect.Method.invoke(Method.java:498) ~[na:1.8.0_91]
	at tk.mybatis.spring.mapper.SpringBootBindUtil$SpringBoot2Bind.bind(SpringBootBindUtil.java:125) ~[mapper-spring-1.0.4-beta1.jar:na]
	... 21 common frames omitted
Caused by: org.springframework.boot.context.properties.bind.BindException: Failed to bind properties under 'mapper.mappers[0]' to java.lang.Class<?>
	at org.springframework.boot.context.properties.bind.Binder.handleBindError(Binder.java:250) ~[spring-boot-2.0.1.RELEASE.jar:2.0.1.RELEASE]
	at org.springframework.boot.context.properties.bind.Binder.bind(Binder.java:226) ~[spring-boot-2.0.1.RELEASE.jar:2.0.1.RELEASE]
	at org.springframework.boot.context.properties.bind.Binder.lambda$null$0(Binder.java:301) ~[spring-boot-2.0.1.RELEASE.jar:2.0.1.RELEASE]
	at org.springframework.boot.context.properties.bind.Binder$Context.withSource(Binder.java:418) ~[spring-boot-2.0.1.RELEASE.jar:2.0.1.RELEASE]
	at org.springframework.boot.context.properties.bind.Binder$Context.access$900(Binder.java:382) ~[spring-boot-2.0.1.RELEASE.jar:2.0.1.RELEASE]
	at org.springframework.boot.context.properties.bind.Binder.lambda$bindAggregate$1(Binder.java:303) ~[spring-boot-2.0.1.RELEASE.jar:2.0.1.RELEASE]
	at org.springframework.boot.context.properties.bind.IndexedElementsBinder.bindIndexed(IndexedElementsBinder.java:104) ~[spring-boot-2.0.1.RELEASE.jar:2.0.1.RELEASE]
	at org.springframework.boot.context.properties.bind.IndexedElementsBinder.bindIndexed(IndexedElementsBinder.java:92) ~[spring-boot-2.0.1.RELEASE.jar:2.0.1.RELEASE]
	at org.springframework.boot.context.properties.bind.IndexedElementsBinder.bindIndexed(IndexedElementsBinder.java:70) ~[spring-boot-2.0.1.RELEASE.jar:2.0.1.RELEASE]
	at org.springframework.boot.context.properties.bind.CollectionBinder.bindAggregate(CollectionBinder.java:50) ~[spring-boot-2.0.1.RELEASE.jar:2.0.1.RELEASE]
	at org.springframework.boot.context.properties.bind.AggregateBinder.bind(AggregateBinder.java:58) ~[spring-boot-2.0.1.RELEASE.jar:2.0.1.RELEASE]
	at org.springframework.boot.context.properties.bind.Binder.lambda$bindAggregate$2(Binder.java:306) ~[spring-boot-2.0.1.RELEASE.jar:2.0.1.RELEASE]
	at org.springframework.boot.context.properties.bind.Binder$Context.withIncreasedDepth(Binder.java:442) ~[spring-boot-2.0.1.RELEASE.jar:2.0.1.RELEASE]
	at org.springframework.boot.context.properties.bind.Binder$Context.access$100(Binder.java:382) ~[spring-boot-2.0.1.RELEASE.jar:2.0.1.RELEASE]
	at org.springframework.boot.context.properties.bind.Binder.bindAggregate(Binder.java:305) ~[spring-boot-2.0.1.RELEASE.jar:2.0.1.RELEASE]
	at org.springframework.boot.context.properties.bind.Binder.bindObject(Binder.java:263) ~[spring-boot-2.0.1.RELEASE.jar:2.0.1.RELEASE]
	at org.springframework.boot.context.properties.bind.Binder.bind(Binder.java:221) ~[spring-boot-2.0.1.RELEASE.jar:2.0.1.RELEASE]
	at org.springframework.boot.context.properties.bind.Binder.lambda$bindBean$4(Binder.java:334) ~[spring-boot-2.0.1.RELEASE.jar:2.0.1.RELEASE]
	at org.springframework.boot.context.properties.bind.JavaBeanBinder.bind(JavaBeanBinder.java:73) ~[spring-boot-2.0.1.RELEASE.jar:2.0.1.RELEASE]
	at org.springframework.boot.context.properties.bind.JavaBeanBinder.bind(JavaBeanBinder.java:62) ~[spring-boot-2.0.1.RELEASE.jar:2.0.1.RELEASE]
	at org.springframework.boot.context.properties.bind.JavaBeanBinder.bind(JavaBeanBinder.java:54) ~[spring-boot-2.0.1.RELEASE.jar:2.0.1.RELEASE]
	at org.springframework.boot.context.properties.bind.Binder.lambda$null$5(Binder.java:342) ~[spring-boot-2.0.1.RELEASE.jar:2.0.1.RELEASE]
	at java.util.stream.ReferencePipeline$3$1.accept(ReferencePipeline.java:193) ~[na:1.8.0_91]
	at java.util.ArrayList$ArrayListSpliterator.tryAdvance(ArrayList.java:1351) ~[na:1.8.0_91]
	at java.util.stream.ReferencePipeline.forEachWithCancel(ReferencePipeline.java:126) ~[na:1.8.0_91]
	at java.util.stream.AbstractPipeline.copyIntoWithCancel(AbstractPipeline.java:498) ~[na:1.8.0_91]
	at java.util.stream.AbstractPipeline.copyInto(AbstractPipeline.java:485) ~[na:1.8.0_91]
	at java.util.stream.AbstractPipeline.wrapAndCopyInto(AbstractPipeline.java:471) ~[na:1.8.0_91]
	at java.util.stream.FindOps$FindOp.evaluateSequential(FindOps.java:152) ~[na:1.8.0_91]
	at java.util.stream.AbstractPipeline.evaluate(AbstractPipeline.java:234) ~[na:1.8.0_91]
	at java.util.stream.ReferencePipeline.findFirst(ReferencePipeline.java:464) ~[na:1.8.0_91]
	at org.springframework.boot.context.properties.bind.Binder.lambda$bindBean$6(Binder.java:343) ~[spring-boot-2.0.1.RELEASE.jar:2.0.1.RELEASE]
	at org.springframework.boot.context.properties.bind.Binder$Context.withIncreasedDepth(Binder.java:442) ~[spring-boot-2.0.1.RELEASE.jar:2.0.1.RELEASE]
	at org.springframework.boot.context.properties.bind.Binder$Context.withBean(Binder.java:428) ~[spring-boot-2.0.1.RELEASE.jar:2.0.1.RELEASE]
	at org.springframework.boot.context.properties.bind.Binder$Context.access$400(Binder.java:382) ~[spring-boot-2.0.1.RELEASE.jar:2.0.1.RELEASE]
	at org.springframework.boot.context.properties.bind.Binder.bindBean(Binder.java:340) ~[spring-boot-2.0.1.RELEASE.jar:2.0.1.RELEASE]
	at org.springframework.boot.context.properties.bind.Binder.bindObject(Binder.java:279) ~[spring-boot-2.0.1.RELEASE.jar:2.0.1.RELEASE]
	at org.springframework.boot.context.properties.bind.Binder.bind(Binder.java:221) ~[spring-boot-2.0.1.RELEASE.jar:2.0.1.RELEASE]
	at org.springframework.boot.context.properties.bind.Binder.bind(Binder.java:210) ~[spring-boot-2.0.1.RELEASE.jar:2.0.1.RELEASE]
	at org.springframework.boot.context.properties.bind.Binder.bind(Binder.java:166) ~[spring-boot-2.0.1.RELEASE.jar:2.0.1.RELEASE]
	at org.springframework.boot.context.properties.bind.Binder.bind(Binder.java:153) ~[spring-boot-2.0.1.RELEASE.jar:2.0.1.RELEASE]
	... 26 common frames omitted
Caused by: org.springframework.core.convert.ConverterNotFoundException: No converter found capable of converting from type [java.lang.String] to type [java.lang.Class<?>]
	at org.springframework.core.convert.support.GenericConversionService.handleConverterNotFound(GenericConversionService.java:321) ~[spring-core-5.0.5.RELEASE.jar:5.0.5.RELEASE]
	at org.springframework.core.convert.support.GenericConversionService.convert(GenericConversionService.java:194) ~[spring-core-5.0.5.RELEASE.jar:5.0.5.RELEASE]
	at org.springframework.boot.context.properties.bind.BindConverter$CompositeConversionService.convert(BindConverter.java:162) ~[spring-boot-2.0.1.RELEASE.jar:2.0.1.RELEASE]
	at org.springframework.boot.context.properties.bind.BindConverter.convert(BindConverter.java:96) ~[spring-boot-2.0.1.RELEASE.jar:2.0.1.RELEASE]
	at org.springframework.boot.context.properties.bind.BindConverter.convert(BindConverter.java:88) ~[spring-boot-2.0.1.RELEASE.jar:2.0.1.RELEASE]
	at org.springframework.boot.context.properties.bind.Binder.bindProperty(Binder.java:324) ~[spring-boot-2.0.1.RELEASE.jar:2.0.1.RELEASE]
	at org.springframework.boot.context.properties.bind.Binder.bindObject(Binder.java:267) ~[spring-boot-2.0.1.RELEASE.jar:2.0.1.RELEASE]
	at org.springframework.boot.context.properties.bind.Binder.bind(Binder.java:221) ~[spring-boot-2.0.1.RELEASE.jar:2.0.1.RELEASE]
	... 65 common frames omitted

2018-09-30 09:55:05.536  WARN 7580 --- [main] t.m.s.mapper.ClassPathMapperScanner      : No MyBatis mapper was found in '[com.koko.mapper]' package. Please check your configuration.
2018-09-30 09:55:05.677 ERROR 7580 --- [main] o.s.b.d.LoggingFailureAnalysisReporter   : 

***************************
APPLICATION FAILED TO START
***************************

Description:

Failed to bind properties under 'mapper.mappers[0]' to java.lang.Class<?>:

    Property: mapper.mappers[0]
    Value: BaseMapper
    Origin: class path resource [application-mysql-dev.yml]:43:11
    Reason: No converter found capable of converting from type [java.lang.String] to type [java.lang.Class<?>]

Action:

Update your application's configuration

2018-09-30 09:55:05.678  INFO 7580 --- [main] ConfigServletWebServerApplicationContext : Closing org.springframework.boot.web.servlet.context.AnnotationConfigServletWebServerApplicationContext@5cdd09b1: startup date [Sun Sep 30 09:55:04 CST 2018]; root of context hierarchy
2018-09-30 10:04:56.190  INFO 8444 --- [main] com.koko.web.Application                 : Starting Application on X-MG-CHENLT with PID 8444 (E:\workspace_idea\koko\module\web\target\classes started by chenlt in E:\workspace_idea\koko\module)
2018-09-30 10:04:56.190  INFO 8444 --- [main] com.koko.web.Application                 : The following profiles are active: mysql-dev
2018-09-30 10:04:56.284  INFO 8444 --- [main] ConfigServletWebServerApplicationContext : Refreshing org.springframework.boot.web.servlet.context.AnnotationConfigServletWebServerApplicationContext@436bc36: startup date [Sun Sep 30 10:04:56 CST 2018]; root of context hierarchy
2018-09-30 10:04:57.455  INFO 8444 --- [main] o.s.b.f.s.DefaultListableBeanFactory     : Overriding bean definition for bean 'logAspect' with a different definition: replacing [Generic bean: class [LogAspect]; scope=singleton; abstract=false; lazyInit=false; autowireMode=0; dependencyCheck=0; autowireCandidate=true; primary=false; factoryBeanName=null; factoryMethodName=null; initMethodName=null; destroyMethodName=null; defined in file [E:\workspace_idea\koko\module\sys\target\classes\com\koko\web\sys\core\core\annotation\LogAspect.class]] with [Root bean: class [null]; scope=; abstract=false; lazyInit=false; autowireMode=3; dependencyCheck=0; autowireCandidate=true; primary=false; factoryBeanName=logConfig; factoryMethodName=getLogAspect; initMethodName=null; destroyMethodName=(inferred); defined in class path resource [com/koko/web/config/LogConfig.class]]
2018-09-30 10:04:57.455  INFO 8444 --- [main] o.s.b.f.s.DefaultListableBeanFactory     : Overriding bean definition for bean 'loginRealm' with a different definition: replacing [Generic bean: class [LoginRealm]; scope=singleton; abstract=false; lazyInit=false; autowireMode=0; dependencyCheck=0; autowireCandidate=true; primary=false; factoryBeanName=null; factoryMethodName=null; initMethodName=null; destroyMethodName=null; defined in file [E:\workspace_idea\koko\module\sys\target\classes\com\koko\web\sys\core\core\shiro\LoginRealm.class]] with [Root bean: class [null]; scope=; abstract=false; lazyInit=false; autowireMode=3; dependencyCheck=0; autowireCandidate=true; primary=false; factoryBeanName=shiroConfig; factoryMethodName=getLoginRealm; initMethodName=null; destroyMethodName=(inferred); defined in class path resource [com/koko/web/config/ShiroConfig.class]]
2018-09-30 10:04:57.470  INFO 8444 --- [main] o.s.b.f.s.DefaultListableBeanFactory     : Overriding bean definition for bean 'transactionInterceptor' with a different definition: replacing [Root bean: class [null]; scope=; abstract=false; lazyInit=false; autowireMode=3; dependencyCheck=0; autowireCandidate=true; primary=false; factoryBeanName=org.springframework.transaction.annotation.ProxyTransactionManagementConfiguration; factoryMethodName=transactionInterceptor; initMethodName=null; destroyMethodName=(inferred); defined in class path resource [org/springframework/transaction/annotation/ProxyTransactionManagementConfiguration.class]] with [Root bean: class [null]; scope=; abstract=false; lazyInit=false; autowireMode=3; dependencyCheck=0; autowireCandidate=true; primary=false; factoryBeanName=transactionalConfig; factoryMethodName=transactionInterceptor; initMethodName=null; destroyMethodName=(inferred); defined in class path resource [com/koko/web/config/TransactionalConfig.class]]
2018-09-30 10:04:57.486  WARN 8444 --- [main] t.m.s.annotation.MapperScannerRegistrar  : 只有 Spring Boot 环境中可以通过 Environment(配置文件,环境变量,运行参数等方式) 配置通用 Mapper，其他环境请通过 @MapperScan 注解中的 mapperHelperRef 或 properties 参数进行配置!如果你使用 tk.mybatis.mapper.session.Configuration 配置的通用 Mapper，你可以忽略该错误!

java.lang.RuntimeException: java.lang.reflect.InvocationTargetException
	at tk.mybatis.spring.mapper.SpringBootBindUtil$SpringBoot2Bind.bind(SpringBootBindUtil.java:133) ~[mapper-spring-1.0.4-beta1.jar:na]
	at tk.mybatis.spring.mapper.SpringBootBindUtil.bind(SpringBootBindUtil.java:58) ~[mapper-spring-1.0.4-beta1.jar:na]
	at tk.mybatis.spring.mapper.ClassPathMapperScanner.setMapperProperties(ClassPathMapperScanner.java:274) ~[mapper-spring-1.0.4-beta1.jar:na]
	at tk.mybatis.spring.annotation.MapperScannerRegistrar.registerBeanDefinitions(MapperScannerRegistrar.java:103) ~[mapper-spring-1.0.4-beta1.jar:na]
	at org.springframework.context.annotation.ConfigurationClassBeanDefinitionReader.lambda$loadBeanDefinitionsFromRegistrars$1(ConfigurationClassBeanDefinitionReader.java:357) [spring-context-5.0.5.RELEASE.jar:5.0.5.RELEASE]
	at java.util.LinkedHashMap.forEach(LinkedHashMap.java:676) ~[na:1.8.0_91]
	at org.springframework.context.annotation.ConfigurationClassBeanDefinitionReader.loadBeanDefinitionsFromRegistrars(ConfigurationClassBeanDefinitionReader.java:356) [spring-context-5.0.5.RELEASE.jar:5.0.5.RELEASE]
	at org.springframework.context.annotation.ConfigurationClassBeanDefinitionReader.loadBeanDefinitionsForConfigurationClass(ConfigurationClassBeanDefinitionReader.java:144) [spring-context-5.0.5.RELEASE.jar:5.0.5.RELEASE]
	at org.springframework.context.annotation.ConfigurationClassBeanDefinitionReader.loadBeanDefinitions(ConfigurationClassBeanDefinitionReader.java:117) [spring-context-5.0.5.RELEASE.jar:5.0.5.RELEASE]
	at org.springframework.context.annotation.ConfigurationClassPostProcessor.processConfigBeanDefinitions(ConfigurationClassPostProcessor.java:328) ~[spring-context-5.0.5.RELEASE.jar:5.0.5.RELEASE]
	at org.springframework.context.annotation.ConfigurationClassPostProcessor.postProcessBeanDefinitionRegistry(ConfigurationClassPostProcessor.java:233) ~[spring-context-5.0.5.RELEASE.jar:5.0.5.RELEASE]
	at org.springframework.context.support.PostProcessorRegistrationDelegate.invokeBeanDefinitionRegistryPostProcessors(PostProcessorRegistrationDelegate.java:273) ~[spring-context-5.0.5.RELEASE.jar:5.0.5.RELEASE]
	at org.springframework.context.support.PostProcessorRegistrationDelegate.invokeBeanFactoryPostProcessors(PostProcessorRegistrationDelegate.java:93) ~[spring-context-5.0.5.RELEASE.jar:5.0.5.RELEASE]
	at org.springframework.context.support.AbstractApplicationContext.invokeBeanFactoryPostProcessors(AbstractApplicationContext.java:694) ~[spring-context-5.0.5.RELEASE.jar:5.0.5.RELEASE]
	at org.springframework.context.support.AbstractApplicationContext.refresh(AbstractApplicationContext.java:532) ~[spring-context-5.0.5.RELEASE.jar:5.0.5.RELEASE]
	at org.springframework.boot.web.servlet.context.ServletWebServerApplicationContext.refresh(ServletWebServerApplicationContext.java:140) ~[spring-boot-2.0.1.RELEASE.jar:2.0.1.RELEASE]
	at org.springframework.boot.SpringApplication.refresh(SpringApplication.java:759) ~[spring-boot-2.0.1.RELEASE.jar:2.0.1.RELEASE]
	at org.springframework.boot.SpringApplication.refreshContext(SpringApplication.java:395) ~[spring-boot-2.0.1.RELEASE.jar:2.0.1.RELEASE]
	at org.springframework.boot.SpringApplication.run(SpringApplication.java:327) ~[spring-boot-2.0.1.RELEASE.jar:2.0.1.RELEASE]
	at org.springframework.boot.SpringApplication.run(SpringApplication.java:1255) ~[spring-boot-2.0.1.RELEASE.jar:2.0.1.RELEASE]
	at org.springframework.boot.SpringApplication.run(SpringApplication.java:1243) ~[spring-boot-2.0.1.RELEASE.jar:2.0.1.RELEASE]
	at com.koko.web.Application.main(Application.java:29) ~[classes/:na]
Caused by: java.lang.reflect.InvocationTargetException: null
	at sun.reflect.NativeMethodAccessorImpl.invoke0(Native Method) ~[na:1.8.0_91]
	at sun.reflect.NativeMethodAccessorImpl.invoke(NativeMethodAccessorImpl.java:62) ~[na:1.8.0_91]
	at sun.reflect.DelegatingMethodAccessorImpl.invoke(DelegatingMethodAccessorImpl.java:43) ~[na:1.8.0_91]
	at java.lang.reflect.Method.invoke(Method.java:498) ~[na:1.8.0_91]
	at tk.mybatis.spring.mapper.SpringBootBindUtil$SpringBoot2Bind.bind(SpringBootBindUtil.java:125) ~[mapper-spring-1.0.4-beta1.jar:na]
	... 21 common frames omitted
Caused by: org.springframework.boot.context.properties.bind.BindException: Failed to bind properties under 'mapper.mappers[0]' to java.lang.Class<?>
	at org.springframework.boot.context.properties.bind.Binder.handleBindError(Binder.java:250) ~[spring-boot-2.0.1.RELEASE.jar:2.0.1.RELEASE]
	at org.springframework.boot.context.properties.bind.Binder.bind(Binder.java:226) ~[spring-boot-2.0.1.RELEASE.jar:2.0.1.RELEASE]
	at org.springframework.boot.context.properties.bind.Binder.lambda$null$0(Binder.java:301) ~[spring-boot-2.0.1.RELEASE.jar:2.0.1.RELEASE]
	at org.springframework.boot.context.properties.bind.Binder$Context.withSource(Binder.java:418) ~[spring-boot-2.0.1.RELEASE.jar:2.0.1.RELEASE]
	at org.springframework.boot.context.properties.bind.Binder$Context.access$900(Binder.java:382) ~[spring-boot-2.0.1.RELEASE.jar:2.0.1.RELEASE]
	at org.springframework.boot.context.properties.bind.Binder.lambda$bindAggregate$1(Binder.java:303) ~[spring-boot-2.0.1.RELEASE.jar:2.0.1.RELEASE]
	at org.springframework.boot.context.properties.bind.IndexedElementsBinder.bindIndexed(IndexedElementsBinder.java:104) ~[spring-boot-2.0.1.RELEASE.jar:2.0.1.RELEASE]
	at org.springframework.boot.context.properties.bind.IndexedElementsBinder.bindIndexed(IndexedElementsBinder.java:92) ~[spring-boot-2.0.1.RELEASE.jar:2.0.1.RELEASE]
	at org.springframework.boot.context.properties.bind.IndexedElementsBinder.bindIndexed(IndexedElementsBinder.java:70) ~[spring-boot-2.0.1.RELEASE.jar:2.0.1.RELEASE]
	at org.springframework.boot.context.properties.bind.CollectionBinder.bindAggregate(CollectionBinder.java:50) ~[spring-boot-2.0.1.RELEASE.jar:2.0.1.RELEASE]
	at org.springframework.boot.context.properties.bind.AggregateBinder.bind(AggregateBinder.java:58) ~[spring-boot-2.0.1.RELEASE.jar:2.0.1.RELEASE]
	at org.springframework.boot.context.properties.bind.Binder.lambda$bindAggregate$2(Binder.java:306) ~[spring-boot-2.0.1.RELEASE.jar:2.0.1.RELEASE]
	at org.springframework.boot.context.properties.bind.Binder$Context.withIncreasedDepth(Binder.java:442) ~[spring-boot-2.0.1.RELEASE.jar:2.0.1.RELEASE]
	at org.springframework.boot.context.properties.bind.Binder$Context.access$100(Binder.java:382) ~[spring-boot-2.0.1.RELEASE.jar:2.0.1.RELEASE]
	at org.springframework.boot.context.properties.bind.Binder.bindAggregate(Binder.java:305) ~[spring-boot-2.0.1.RELEASE.jar:2.0.1.RELEASE]
	at org.springframework.boot.context.properties.bind.Binder.bindObject(Binder.java:263) ~[spring-boot-2.0.1.RELEASE.jar:2.0.1.RELEASE]
	at org.springframework.boot.context.properties.bind.Binder.bind(Binder.java:221) ~[spring-boot-2.0.1.RELEASE.jar:2.0.1.RELEASE]
	at org.springframework.boot.context.properties.bind.Binder.lambda$bindBean$4(Binder.java:334) ~[spring-boot-2.0.1.RELEASE.jar:2.0.1.RELEASE]
	at org.springframework.boot.context.properties.bind.JavaBeanBinder.bind(JavaBeanBinder.java:73) ~[spring-boot-2.0.1.RELEASE.jar:2.0.1.RELEASE]
	at org.springframework.boot.context.properties.bind.JavaBeanBinder.bind(JavaBeanBinder.java:62) ~[spring-boot-2.0.1.RELEASE.jar:2.0.1.RELEASE]
	at org.springframework.boot.context.properties.bind.JavaBeanBinder.bind(JavaBeanBinder.java:54) ~[spring-boot-2.0.1.RELEASE.jar:2.0.1.RELEASE]
	at org.springframework.boot.context.properties.bind.Binder.lambda$null$5(Binder.java:342) ~[spring-boot-2.0.1.RELEASE.jar:2.0.1.RELEASE]
	at java.util.stream.ReferencePipeline$3$1.accept(ReferencePipeline.java:193) ~[na:1.8.0_91]
	at java.util.ArrayList$ArrayListSpliterator.tryAdvance(ArrayList.java:1351) ~[na:1.8.0_91]
	at java.util.stream.ReferencePipeline.forEachWithCancel(ReferencePipeline.java:126) ~[na:1.8.0_91]
	at java.util.stream.AbstractPipeline.copyIntoWithCancel(AbstractPipeline.java:498) ~[na:1.8.0_91]
	at java.util.stream.AbstractPipeline.copyInto(AbstractPipeline.java:485) ~[na:1.8.0_91]
	at java.util.stream.AbstractPipeline.wrapAndCopyInto(AbstractPipeline.java:471) ~[na:1.8.0_91]
	at java.util.stream.FindOps$FindOp.evaluateSequential(FindOps.java:152) ~[na:1.8.0_91]
	at java.util.stream.AbstractPipeline.evaluate(AbstractPipeline.java:234) ~[na:1.8.0_91]
	at java.util.stream.ReferencePipeline.findFirst(ReferencePipeline.java:464) ~[na:1.8.0_91]
	at org.springframework.boot.context.properties.bind.Binder.lambda$bindBean$6(Binder.java:343) ~[spring-boot-2.0.1.RELEASE.jar:2.0.1.RELEASE]
	at org.springframework.boot.context.properties.bind.Binder$Context.withIncreasedDepth(Binder.java:442) ~[spring-boot-2.0.1.RELEASE.jar:2.0.1.RELEASE]
	at org.springframework.boot.context.properties.bind.Binder$Context.withBean(Binder.java:428) ~[spring-boot-2.0.1.RELEASE.jar:2.0.1.RELEASE]
	at org.springframework.boot.context.properties.bind.Binder$Context.access$400(Binder.java:382) ~[spring-boot-2.0.1.RELEASE.jar:2.0.1.RELEASE]
	at org.springframework.boot.context.properties.bind.Binder.bindBean(Binder.java:340) ~[spring-boot-2.0.1.RELEASE.jar:2.0.1.RELEASE]
	at org.springframework.boot.context.properties.bind.Binder.bindObject(Binder.java:279) ~[spring-boot-2.0.1.RELEASE.jar:2.0.1.RELEASE]
	at org.springframework.boot.context.properties.bind.Binder.bind(Binder.java:221) ~[spring-boot-2.0.1.RELEASE.jar:2.0.1.RELEASE]
	at org.springframework.boot.context.properties.bind.Binder.bind(Binder.java:210) ~[spring-boot-2.0.1.RELEASE.jar:2.0.1.RELEASE]
	at org.springframework.boot.context.properties.bind.Binder.bind(Binder.java:166) ~[spring-boot-2.0.1.RELEASE.jar:2.0.1.RELEASE]
	at org.springframework.boot.context.properties.bind.Binder.bind(Binder.java:153) ~[spring-boot-2.0.1.RELEASE.jar:2.0.1.RELEASE]
	... 26 common frames omitted
Caused by: org.springframework.core.convert.ConverterNotFoundException: No converter found capable of converting from type [java.lang.String] to type [java.lang.Class<?>]
	at org.springframework.core.convert.support.GenericConversionService.handleConverterNotFound(GenericConversionService.java:321) ~[spring-core-5.0.5.RELEASE.jar:5.0.5.RELEASE]
	at org.springframework.core.convert.support.GenericConversionService.convert(GenericConversionService.java:194) ~[spring-core-5.0.5.RELEASE.jar:5.0.5.RELEASE]
	at org.springframework.boot.context.properties.bind.BindConverter$CompositeConversionService.convert(BindConverter.java:162) ~[spring-boot-2.0.1.RELEASE.jar:2.0.1.RELEASE]
	at org.springframework.boot.context.properties.bind.BindConverter.convert(BindConverter.java:96) ~[spring-boot-2.0.1.RELEASE.jar:2.0.1.RELEASE]
	at org.springframework.boot.context.properties.bind.BindConverter.convert(BindConverter.java:88) ~[spring-boot-2.0.1.RELEASE.jar:2.0.1.RELEASE]
	at org.springframework.boot.context.properties.bind.Binder.bindProperty(Binder.java:324) ~[spring-boot-2.0.1.RELEASE.jar:2.0.1.RELEASE]
	at org.springframework.boot.context.properties.bind.Binder.bindObject(Binder.java:267) ~[spring-boot-2.0.1.RELEASE.jar:2.0.1.RELEASE]
	at org.springframework.boot.context.properties.bind.Binder.bind(Binder.java:221) ~[spring-boot-2.0.1.RELEASE.jar:2.0.1.RELEASE]
	... 65 common frames omitted

2018-09-30 10:04:57.517  WARN 8444 --- [main] t.m.s.mapper.ClassPathMapperScanner      : No MyBatis mapper was found in '[com.koko.mapper]' package. Please check your configuration.
2018-09-30 10:04:57.642 ERROR 8444 --- [main] o.s.b.d.LoggingFailureAnalysisReporter   : 

***************************
APPLICATION FAILED TO START
***************************

Description:

Failed to bind properties under 'mapper.mappers[0]' to java.lang.Class<?>:

    Property: mapper.mappers[0]
    Value: BaseMapper
    Origin: class path resource [application-mysql-dev.yml]:43:11
    Reason: No converter found capable of converting from type [java.lang.String] to type [java.lang.Class<?>]

Action:

Update your application's configuration

2018-09-30 10:04:57.642  INFO 8444 --- [main] ConfigServletWebServerApplicationContext : Closing org.springframework.boot.web.servlet.context.AnnotationConfigServletWebServerApplicationContext@436bc36: startup date [Sun Sep 30 10:04:56 CST 2018]; root of context hierarchy
2018-09-30 10:15:25.126  INFO 6164 --- [main] com.koko.web.Application                 : Starting Application on X-MG-CHENLT with PID 6164 (E:\workspace_idea\koko\module\web\target\classes started by chenlt in E:\workspace_idea\koko\module)
2018-09-30 10:15:25.126  INFO 6164 --- [main] com.koko.web.Application                 : The following profiles are active: mysql-dev
2018-09-30 10:15:25.188  INFO 6164 --- [main] ConfigServletWebServerApplicationContext : Refreshing org.springframework.boot.web.servlet.context.AnnotationConfigServletWebServerApplicationContext@67c2e933: startup date [Sun Sep 30 10:15:25 CST 2018]; root of context hierarchy
2018-09-30 10:15:25.999  INFO 6164 --- [main] o.s.b.f.s.DefaultListableBeanFactory     : Overriding bean definition for bean 'logAspect' with a different definition: replacing [Generic bean: class [com.koko.sys.core.annotation.LogAspect]; scope=singleton; abstract=false; lazyInit=false; autowireMode=0; dependencyCheck=0; autowireCandidate=true; primary=false; factoryBeanName=null; factoryMethodName=null; initMethodName=null; destroyMethodName=null; defined in file [E:\workspace_idea\koko\module\sys\target\classes\com\koko\sys\core\annotation\LogAspect.class]] with [Root bean: class [null]; scope=; abstract=false; lazyInit=false; autowireMode=3; dependencyCheck=0; autowireCandidate=true; primary=false; factoryBeanName=logConfig; factoryMethodName=getLogAspect; initMethodName=null; destroyMethodName=(inferred); defined in class path resource [com/koko/web/config/LogConfig.class]]
2018-09-30 10:15:25.999  INFO 6164 --- [main] o.s.b.f.s.DefaultListableBeanFactory     : Overriding bean definition for bean 'loginRealm' with a different definition: replacing [Generic bean: class [com.koko.sys.core.shiro.LoginRealm]; scope=singleton; abstract=false; lazyInit=false; autowireMode=0; dependencyCheck=0; autowireCandidate=true; primary=false; factoryBeanName=null; factoryMethodName=null; initMethodName=null; destroyMethodName=null; defined in file [E:\workspace_idea\koko\module\sys\target\classes\com\koko\sys\core\shiro\LoginRealm.class]] with [Root bean: class [null]; scope=; abstract=false; lazyInit=false; autowireMode=3; dependencyCheck=0; autowireCandidate=true; primary=false; factoryBeanName=shiroConfig; factoryMethodName=getLoginRealm; initMethodName=null; destroyMethodName=(inferred); defined in class path resource [com/koko/web/config/ShiroConfig.class]]
2018-09-30 10:15:26.015  INFO 6164 --- [main] o.s.b.f.s.DefaultListableBeanFactory     : Overriding bean definition for bean 'transactionInterceptor' with a different definition: replacing [Root bean: class [null]; scope=; abstract=false; lazyInit=false; autowireMode=3; dependencyCheck=0; autowireCandidate=true; primary=false; factoryBeanName=org.springframework.transaction.annotation.ProxyTransactionManagementConfiguration; factoryMethodName=transactionInterceptor; initMethodName=null; destroyMethodName=(inferred); defined in class path resource [org/springframework/transaction/annotation/ProxyTransactionManagementConfiguration.class]] with [Root bean: class [null]; scope=; abstract=false; lazyInit=false; autowireMode=3; dependencyCheck=0; autowireCandidate=true; primary=false; factoryBeanName=transactionalConfig; factoryMethodName=transactionInterceptor; initMethodName=null; destroyMethodName=(inferred); defined in class path resource [com/koko/web/config/TransactionalConfig.class]]
2018-09-30 10:15:26.046  WARN 6164 --- [main] t.m.s.mapper.ClassPathMapperScanner      : No MyBatis mapper was found in '[com.koko.mapper]' package. Please check your configuration.
2018-09-30 10:15:26.140  WARN 6164 --- [main] t.m.s.mapper.ClassPathMapperScanner      : No MyBatis mapper was found in '[com.koko.web]' package. Please check your configuration.
2018-09-30 10:15:26.155  WARN 6164 --- [main] o.m.s.mapper.ClassPathMapperScanner      : No MyBatis mapper was found in '[com.koko.web]' package. Please check your configuration.
2018-09-30 10:15:26.202  INFO 6164 --- [main] o.s.i.config.IntegrationRegistrar        : No bean named 'integrationHeaderChannelRegistry' has been explicitly defined. Therefore, a default DefaultHeaderChannelRegistry will be created.
2018-09-30 10:15:26.467  INFO 6164 --- [main] faultConfiguringBeanFactoryPostProcessor : No bean named 'errorChannel' has been explicitly defined. Therefore, a default PublishSubscribeChannel will be created.
2018-09-30 10:15:26.483  INFO 6164 --- [main] faultConfiguringBeanFactoryPostProcessor : No bean named 'taskScheduler' has been explicitly defined. Therefore, a default ThreadPoolTaskScheduler will be created.
2018-09-30 10:15:26.499  INFO 6164 --- [main] f.a.AutowiredAnnotationBeanPostProcessor : JSR-330 'javax.inject.Inject' annotation found and supported for autowiring
2018-09-30 10:15:26.530  INFO 6164 --- [main] trationDelegate$BeanPostProcessorChecker : Bean 'shiroConfig' of type [com.koko.web.config.ShiroConfig$$EnhancerBySpringCGLIB$$bea6e1c1] is not eligible for getting processed by all BeanPostProcessors (for example: not eligible for auto-proxying)
2018-09-30 10:15:26.608  INFO 6164 --- [main] trationDelegate$BeanPostProcessorChecker : Bean 'transactionalConfig' of type [com.koko.web.config.TransactionalConfig$$EnhancerBySpringCGLIB$$62846559] is not eligible for getting processed by all BeanPostProcessors (for example: not eligible for auto-proxying)
2018-09-30 10:15:26.811  INFO 6164 --- [main] trationDelegate$BeanPostProcessorChecker : Bean 'getCacheManager' of type [org.apache.shiro.cache.ehcache.EhCacheManager] is not eligible for getting processed by all BeanPostProcessors (for example: not eligible for auto-proxying)
2018-09-30 10:15:26.811  INFO 6164 --- [main] o.a.shiro.cache.ehcache.EhCacheManager   : Using existing EHCache named [loginRetryCache]
2018-09-30 10:15:26.826  INFO 6164 --- [main] trationDelegate$BeanPostProcessorChecker : Bean 'getRetryLimitCredentialsMatcher' of type [com.koko.sys.core.shiro.RetryLimitCredentialsMatcher] is not eligible for getting processed by all BeanPostProcessors (for example: not eligible for auto-proxying)
2018-09-30 10:15:26.873  WARN 6164 --- [main] ConfigServletWebServerApplicationContext : Exception encountered during context initialization - cancelling refresh attempt: org.springframework.beans.factory.UnsatisfiedDependencyException: Error creating bean with name 'methodValidationPostProcessor' defined in class path resource [org/springframework/boot/autoconfigure/validation/ValidationAutoConfiguration.class]: Unsatisfied dependency expressed through method 'methodValidationPostProcessor' parameter 0; nested exception is org.springframework.beans.factory.UnsatisfiedDependencyException: Error creating bean with name 'shiroFilter' defined in class path resource [com/koko/web/config/ShiroConfig.class]: Unsatisfied dependency expressed through method 'getShiroFilterFactoryBean' parameter 0; nested exception is org.springframework.beans.factory.UnsatisfiedDependencyException: Error creating bean with name 'securityManager' defined in class path resource [com/koko/web/config/ShiroConfig.class]: Unsatisfied dependency expressed through method 'getSecurityManager' parameter 0; nested exception is org.springframework.beans.factory.UnsatisfiedDependencyException: Error creating bean with name 'loginRealm': Unsatisfied dependency expressed through field 'userService'; nested exception is org.springframework.beans.factory.UnsatisfiedDependencyException: Error creating bean with name 'sysUserServiceImpl': Unsatisfied dependency expressed through field 'sysUserMapper'; nested exception is org.springframework.beans.factory.NoSuchBeanDefinitionException: No qualifying bean of type 'com.koko.sys.mapper.SysUserMapper' available: expected at least 1 bean which qualifies as autowire candidate. Dependency annotations: {@org.springframework.beans.factory.annotation.Autowired(required=true)}
2018-09-30 10:15:26.889  INFO 6164 --- [main] ConditionEvaluationReportLoggingListener : 

Error starting ApplicationContext. To display the conditions report re-run your application with 'debug' enabled.
2018-09-30 10:15:27.201 ERROR 6164 --- [main] o.s.b.d.LoggingFailureAnalysisReporter   : 

***************************
APPLICATION FAILED TO START
***************************

Description:

Field sysUserMapper in com.koko.sys.service.impl.SysUserServiceImpl required a bean of type 'com.koko.sys.mapper.SysUserMapper' that could not be found.


Action:

Consider defining a bean of type 'com.koko.sys.mapper.SysUserMapper' in your configuration.

2018-09-30 10:32:22.146  INFO 10620 --- [main] com.koko.web.Application                 : Starting Application on X-MG-CHENLT with PID 10620 (E:\workspace_idea\koko\module\web\target\classes started by chenlt in E:\workspace_idea\koko\module)
2018-09-30 10:32:22.151  INFO 10620 --- [main] com.koko.web.Application                 : The following profiles are active: mysql-dev
2018-09-30 10:32:22.272  INFO 10620 --- [main] ConfigServletWebServerApplicationContext : Refreshing org.springframework.boot.web.servlet.context.AnnotationConfigServletWebServerApplicationContext@5911e990: startup date [Sun Sep 30 10:32:22 CST 2018]; root of context hierarchy
2018-09-30 10:32:23.062  INFO 10620 --- [main] o.s.b.f.s.DefaultListableBeanFactory     : Overriding bean definition for bean 'logAspect' with a different definition: replacing [Generic bean: class [com.koko.sys.core.annotation.LogAspect]; scope=singleton; abstract=false; lazyInit=false; autowireMode=0; dependencyCheck=0; autowireCandidate=true; primary=false; factoryBeanName=null; factoryMethodName=null; initMethodName=null; destroyMethodName=null; defined in file [E:\workspace_idea\koko\module\sys\target\classes\com\koko\sys\core\annotation\LogAspect.class]] with [Root bean: class [null]; scope=; abstract=false; lazyInit=false; autowireMode=3; dependencyCheck=0; autowireCandidate=true; primary=false; factoryBeanName=logConfig; factoryMethodName=getLogAspect; initMethodName=null; destroyMethodName=(inferred); defined in class path resource [com/koko/web/config/LogConfig.class]]
2018-09-30 10:32:23.062  INFO 10620 --- [main] o.s.b.f.s.DefaultListableBeanFactory     : Overriding bean definition for bean 'loginRealm' with a different definition: replacing [Generic bean: class [com.koko.sys.core.shiro.LoginRealm]; scope=singleton; abstract=false; lazyInit=false; autowireMode=0; dependencyCheck=0; autowireCandidate=true; primary=false; factoryBeanName=null; factoryMethodName=null; initMethodName=null; destroyMethodName=null; defined in file [E:\workspace_idea\koko\module\sys\target\classes\com\koko\sys\core\shiro\LoginRealm.class]] with [Root bean: class [null]; scope=; abstract=false; lazyInit=false; autowireMode=3; dependencyCheck=0; autowireCandidate=true; primary=false; factoryBeanName=shiroConfig; factoryMethodName=getLoginRealm; initMethodName=null; destroyMethodName=(inferred); defined in class path resource [com/koko/web/config/ShiroConfig.class]]
2018-09-30 10:32:23.069  INFO 10620 --- [main] o.s.b.f.s.DefaultListableBeanFactory     : Overriding bean definition for bean 'transactionInterceptor' with a different definition: replacing [Root bean: class [null]; scope=; abstract=false; lazyInit=false; autowireMode=3; dependencyCheck=0; autowireCandidate=true; primary=false; factoryBeanName=org.springframework.transaction.annotation.ProxyTransactionManagementConfiguration; factoryMethodName=transactionInterceptor; initMethodName=null; destroyMethodName=(inferred); defined in class path resource [org/springframework/transaction/annotation/ProxyTransactionManagementConfiguration.class]] with [Root bean: class [null]; scope=; abstract=false; lazyInit=false; autowireMode=3; dependencyCheck=0; autowireCandidate=true; primary=false; factoryBeanName=transactionalConfig; factoryMethodName=transactionInterceptor; initMethodName=null; destroyMethodName=(inferred); defined in class path resource [com/koko/web/config/TransactionalConfig.class]]
2018-09-30 10:32:23.102  WARN 10620 --- [main] t.m.s.mapper.ClassPathMapperScanner      : No MyBatis mapper was found in '[com.koko.mapper]' package. Please check your configuration.
2018-09-30 10:32:23.206  WARN 10620 --- [main] t.m.s.mapper.ClassPathMapperScanner      : No MyBatis mapper was found in '[com.koko.web]' package. Please check your configuration.
2018-09-30 10:32:23.212  WARN 10620 --- [main] o.m.s.mapper.ClassPathMapperScanner      : No MyBatis mapper was found in '[com.koko.web]' package. Please check your configuration.
2018-09-30 10:32:23.275  INFO 10620 --- [main] o.s.i.config.IntegrationRegistrar        : No bean named 'integrationHeaderChannelRegistry' has been explicitly defined. Therefore, a default DefaultHeaderChannelRegistry will be created.
2018-09-30 10:32:23.516  INFO 10620 --- [main] faultConfiguringBeanFactoryPostProcessor : No bean named 'errorChannel' has been explicitly defined. Therefore, a default PublishSubscribeChannel will be created.
2018-09-30 10:32:23.524  INFO 10620 --- [main] faultConfiguringBeanFactoryPostProcessor : No bean named 'taskScheduler' has been explicitly defined. Therefore, a default ThreadPoolTaskScheduler will be created.
2018-09-30 10:32:23.537  INFO 10620 --- [main] f.a.AutowiredAnnotationBeanPostProcessor : JSR-330 'javax.inject.Inject' annotation found and supported for autowiring
2018-09-30 10:32:23.558  INFO 10620 --- [main] trationDelegate$BeanPostProcessorChecker : Bean 'shiroConfig' of type [com.koko.web.config.ShiroConfig$$EnhancerBySpringCGLIB$$6829e395] is not eligible for getting processed by all BeanPostProcessors (for example: not eligible for auto-proxying)
2018-09-30 10:32:23.617  INFO 10620 --- [main] trationDelegate$BeanPostProcessorChecker : Bean 'transactionalConfig' of type [com.koko.web.config.TransactionalConfig$$EnhancerBySpringCGLIB$$c07672d] is not eligible for getting processed by all BeanPostProcessors (for example: not eligible for auto-proxying)
2018-09-30 10:32:23.712  INFO 10620 --- [main] trationDelegate$BeanPostProcessorChecker : Bean 'getCacheManager' of type [org.apache.shiro.cache.ehcache.EhCacheManager] is not eligible for getting processed by all BeanPostProcessors (for example: not eligible for auto-proxying)
2018-09-30 10:32:23.712  INFO 10620 --- [main] o.a.shiro.cache.ehcache.EhCacheManager   : Using existing EHCache named [loginRetryCache]
2018-09-30 10:32:23.719  INFO 10620 --- [main] trationDelegate$BeanPostProcessorChecker : Bean 'getRetryLimitCredentialsMatcher' of type [com.koko.sys.core.shiro.RetryLimitCredentialsMatcher] is not eligible for getting processed by all BeanPostProcessors (for example: not eligible for auto-proxying)
2018-09-30 10:32:23.755  WARN 10620 --- [main] ConfigServletWebServerApplicationContext : Exception encountered during context initialization - cancelling refresh attempt: org.springframework.beans.factory.UnsatisfiedDependencyException: Error creating bean with name 'methodValidationPostProcessor' defined in class path resource [org/springframework/boot/autoconfigure/validation/ValidationAutoConfiguration.class]: Unsatisfied dependency expressed through method 'methodValidationPostProcessor' parameter 0; nested exception is org.springframework.beans.factory.UnsatisfiedDependencyException: Error creating bean with name 'shiroFilter' defined in class path resource [com/koko/web/config/ShiroConfig.class]: Unsatisfied dependency expressed through method 'getShiroFilterFactoryBean' parameter 0; nested exception is org.springframework.beans.factory.UnsatisfiedDependencyException: Error creating bean with name 'securityManager' defined in class path resource [com/koko/web/config/ShiroConfig.class]: Unsatisfied dependency expressed through method 'getSecurityManager' parameter 0; nested exception is org.springframework.beans.factory.UnsatisfiedDependencyException: Error creating bean with name 'loginRealm': Unsatisfied dependency expressed through field 'userService'; nested exception is org.springframework.beans.factory.UnsatisfiedDependencyException: Error creating bean with name 'sysUserServiceImpl': Unsatisfied dependency expressed through field 'sysUserMapper'; nested exception is org.springframework.beans.factory.NoSuchBeanDefinitionException: No qualifying bean of type 'com.koko.sys.mapper.SysUserMapper' available: expected at least 1 bean which qualifies as autowire candidate. Dependency annotations: {@org.springframework.beans.factory.annotation.Autowired(required=true)}
2018-09-30 10:32:23.766  INFO 10620 --- [main] ConditionEvaluationReportLoggingListener : 

Error starting ApplicationContext. To display the conditions report re-run your application with 'debug' enabled.
2018-09-30 10:32:23.881 ERROR 10620 --- [main] o.s.b.d.LoggingFailureAnalysisReporter   : 

***************************
APPLICATION FAILED TO START
***************************

Description:

Field sysUserMapper in com.koko.sys.service.impl.SysUserServiceImpl required a bean of type 'com.koko.sys.mapper.SysUserMapper' that could not be found.


Action:

Consider defining a bean of type 'com.koko.sys.mapper.SysUserMapper' in your configuration.

